\BOOKMARK [1][-]{section.1}{\376\377\142\151\145\143\151\202\137\365}{}% 1
\BOOKMARK [2][-]{subsection.1.1}{\376\377\151\202\137\365\165\114\133\232}{section.1}% 2
\BOOKMARK [2][-]{subsection.1.2}{\376\377\151\202\137\365\157\024\123\330}{section.1}% 3
\BOOKMARK [2][-]{subsection.1.3}{\376\377\116\064\217\321\151\202\137\365\217\250\147\220}{section.1}% 4
\BOOKMARK [3][-]{subsubsection.1.3.1}{\376\377\145\077\173\126\142\151\145\143\151\202\137\365\166\204\141\017\116\111}{subsection.1.3}% 5
\BOOKMARK [1][-]{section.2}{\376\377\142\151\145\143\116\073\117\123\377\032\214\001\137\161\124\315\142\151\145\143}{}% 6
\BOOKMARK [2][-]{subsubsection.2.0.1}{\376\377\121\205\220\350\210\114\116\072\200\005\377\032\145\077\173\126\220\011\142\351\200\005}{section.2}% 7
\BOOKMARK [3][-]{subsubsection.2.0.2}{\376\377\131\026\220\350\116\073\117\123}{subsubsection.2.0.1}% 8
\BOOKMARK [2][-]{subsection.2.1}{\376\377\142\151\145\143\121\205\133\271}{section.2}% 9
\BOOKMARK [3][-]{subsubsection.2.1.1}{\376\377\136\070\211\304\145\077\173\126\142\151\145\143}{subsection.2.1}% 10
\BOOKMARK [3][-]{subsubsection.2.1.2}{\376\377\227\136\136\070\211\304\145\077\173\126\166\204\142\151\145\143}{subsection.2.1}% 11
\BOOKMARK [2][-]{subsection.2.2}{\376\377\142\151\145\143\220\073\217\221}{section.2}% 12
\BOOKMARK [3][-]{subsubsection.2.2.1}{\376\377\217\321\220\273\140\047\142\151\145\143\377\010\000P\000r\000o\000x\000i\000m\000i\000t\000y\000\040\000d\000i\000f\000f\000u\000s\000i\000o\000n\377\011}{subsection.2.2}% 13
\BOOKMARK [3][-]{subsubsection.2.2.2}{\376\377\166\370\117\074\140\047\142\151\145\143\377\010\000H\000o\000m\000o\000p\000h\000i\000l\000y\000\040\000d\000i\000f\000f\000u\000s\000i\000o\000n\377\011}{subsection.2.2}% 14
\BOOKMARK [3][-]{subsubsection.2.2.3}{\376\377\173\126\165\145\140\047\142\151\145\143\377\010\000S\000t\000r\000a\000t\000e\000g\000i\000c\000\040\000d\000i\000f\000f\000u\000s\000i\000o\000n\377\011}{subsection.2.2}% 15
\BOOKMARK [2][-]{subsection.2.3}{\376\377\142\151\145\143\215\357\137\204\000\040\000\050\124\150\116\224\000\051}{section.2}% 16
\BOOKMARK [3][-]{subsubsection.2.3.1}{\376\377\133\146\116\140\147\072\122\066}{subsection.2.3}% 17
\BOOKMARK [3][-]{subsubsection.2.3.2}{\376\377\172\336\116\211\147\072\122\066}{subsection.2.3}% 18
\BOOKMARK [3][-]{subsubsection.2.3.3}{\376\377\137\072\122\066\147\072\122\066}{subsection.2.3}% 19
\BOOKMARK [3][-]{subsubsection.2.3.4}{\376\377\171\076\117\032\123\026\147\072\122\066}{subsection.2.3}% 20
\BOOKMARK [3][-]{subsubsection.2.3.5}{\376\377\131\032\121\103\147\072\122\066}{subsection.2.3}% 21
\BOOKMARK [2][-]{subsection.2.4}{\376\377\145\077\173\126\142\151\145\143\145\271\154\325\215\357\137\204\377\010\124\150\121\155\377\011}{section.2}% 22
\BOOKMARK [3][-]{subsubsection.2.4.1}{\376\377\163\260\214\141\122\006\147\220}{subsection.2.4}% 23
\BOOKMARK [3][-]{subsubsection.2.4.2}{\376\377\147\072\122\066\122\006\147\220}{subsection.2.4}% 24
\BOOKMARK [3][-]{subsubsection.2.4.3}{\376\377\155\367\124\010\122\006\147\220}{subsection.2.4}% 25
\BOOKMARK [1][-]{section.3}{\376\377\145\077\173\126\142\151\145\143\170\024\172\166\166\204\133\146\171\321\203\003\137\017}{}% 26
\BOOKMARK [2][-]{subsection.3.1}{\376\377\153\324\217\203\145\077\154\273\203\003\137\017}{section.3}% 27
\BOOKMARK [2][-]{subsection.3.2}{\376\377\126\375\226\105\121\163\174\373\203\003\137\017}{section.3}% 28
\BOOKMARK [2][-]{subsection.3.3}{\376\377\126\375\121\205\145\077\154\273\203\003\137\017}{section.3}% 29
\BOOKMARK [2][-]{subsection.3.4}{\376\377\121\154\121\161\210\114\145\077\133\146\203\003\137\017}{section.3}% 30
\BOOKMARK [2][-]{subsection.3.5}{\376\377\116\015\124\014\203\003\137\017\166\204\145\164\124\010\124\214\120\037\222\164}{section.3}% 31
\BOOKMARK [1][-]{section.4}{\376\377\163\260\147\011\116\015\215\263\116\016\166\362\160\271\377\010\217\331\116\000\145\164\127\127\145\164\124\010\136\246\137\210\117\116\377\011\377\010\124\150\145\345\377\011}{}% 32
\BOOKMARK [2][-]{subsection.4.1}{\376\377\211\343\221\312\166\204\116\015\215\263}{section.4}% 33
\BOOKMARK [3][-]{subsubsection.4.1.1}{\376\377\214\001\142\151\145\143}{subsection.4.1}% 34
\BOOKMARK [3][-]{subsubsection.4.1.2}{\376\377\142\151\145\143\116\300\116\110}{subsection.4.1}% 35
\BOOKMARK [3][-]{subsubsection.4.1.3}{\376\377\116\072\116\300\116\110\142\151\145\143}{subsection.4.1}% 36
\BOOKMARK [3][-]{subsubsection.4.1.4}{\376\377\140\016\116\110\142\151\145\143}{subsection.4.1}% 37
\BOOKMARK [2][-]{subsection.4.2}{\376\377\117\177\165\050\166\204\116\015\215\263}{section.4}% 38
\BOOKMARK [2][-]{subsection.4.3}{\376\377\145\271\154\325\166\204\116\015\215\263}{section.4}% 39
\BOOKMARK [1][-]{section.5}{\376\377\147\052\147\145\145\271\124\021\377\032\127\372\116\216\145\077\154\273\133\146\211\306\211\322\000\040\377\010\217\331\116\011\220\350\122\006\220\375\167\013\116\015\121\372\133\371\145\077\154\273\133\146\166\204\221\315\211\201\140\047\377\011}{}% 40
\BOOKMARK [2][-]{subsection.5.1}{\376\377\117\134\116\072\126\340\123\330\221\317\166\204\145\077\173\126\142\151\145\143}{section.5}% 41
\BOOKMARK [3][-]{subsubsection.5.1.1}{\376\377\126\375\133\266\200\375\122\233\116\016\145\077\173\126\142\151\145\143\170\024\172\166}{subsection.5.1}% 42
\BOOKMARK [3][-]{subsubsection.5.1.2}{\376\377\145\077\136\234\126\336\136\224\140\047\116\016\145\077\173\126\142\151\145\143\170\024\172\166}{subsection.5.1}% 43
\BOOKMARK [3][-]{subsubsection.5.1.3}{\376\377\121\150\164\003\123\026\116\016\145\077\173\126\142\151\145\143\170\024\172\166}{subsection.5.1}% 44
\BOOKMARK [2][-]{subsection.5.2}{\376\377\117\134\116\072\201\352\123\330\221\317\166\204\145\077\173\126\142\151\145\143}{section.5}% 45
\BOOKMARK [3][-]{subsubsection.5.2.1}{\376\377\211\302\133\337\176\265\124\021\145\077\136\234\225\364\121\163\174\373\166\204\172\227\123\343}{subsection.5.2}% 46
\BOOKMARK [3][-]{subsubsection.5.2.2}{\376\377\211\302\133\337\152\052\124\021\145\077\136\234\225\364\121\163\174\373\166\204\172\227\123\343}{subsection.5.2}% 47
\BOOKMARK [3][-]{subsubsection.5.2.3}{\376\377\211\302\133\337\126\375\133\266\171\076\117\032\121\163\174\373\166\204\172\227\123\343}{subsection.5.2}% 48
\BOOKMARK [2][-]{subsection.5.3}{\376\377\127\372\116\216\131\047\145\160\143\156\145\271\154\325\166\204\145\077\173\126\142\151\145\143\170\024\172\166}{section.5}% 49
\BOOKMARK [3][-]{subsubsection.5.3.1}{\376\377\201\352\161\066\213\355\212\000\131\004\164\006\145\271\154\325}{subsection.5.3}% 50
\BOOKMARK [3][-]{subsubsection.5.3.2}{\376\377\171\076\116\244\177\121\176\334\122\006\147\220\145\271\154\325}{subsection.5.3}% 51
\BOOKMARK [2][-]{subsection.5.4}{\376\377\123\302\200\003\145\207\163\056}{section.5}% 52
\BOOKMARK [2][-]{subsection.5.5}{\376\377\230\002\134\144\212\055\212\010\124\214\145\077\173\126\212\146\236\336}{section.5}% 53
